seq_name	sequence	length
STRG.8.1	TTTTGTTTTGCTTAC	15
STRG.8.1	GTTTTCCAAACCAA	14
STRG.8.1	GCAATAAAAGTAA	13
STRG.8.1	CGTTTCCGCTTC	12
STRG.8.1	TTTGCAGTGGCG	12
STRG.8.1	CTCCAGCTCCGA	12
STRG.28.1	GAAGCCAAGGACTC	14
STRG.28.1	GTTTGTGTTTTGG	13
STRG.28.1	AGCAGCTGCAGCA	13
STRG.28.1	CCAAGGACTCGCA	13
STRG.28.1	ACTCGCAGGACTG	13
STRG.28.1	ATATGGAAACCCG	13
STRG.28.1	ATGCGATAATTCA	13
STRG.28.1	ACTGAAATTATAG	13
STRG.28.1	ACATTTTGCTCA	12
STRG.28.1	TGTTTTTTGCGG	12
STRG.28.1	AGGAAAATGGCA	12
STRG.28.1	GCAGCAGGAAAA	12
STRG.28.1	ACAAAATACAAA	12
STRG.28.1	GCAGGAAAATGG	12
STRG.28.1	GGCTGTGACCCG	12
STRG.28.1	ATACAAATAGTG	12
STRG.28.1	AGAAATAATAAA	12
STRG.28.1	AAAATCAATCGA	12
STRG.28.1	CTTCCGCAACGC	12
STRG.2.2	ATAAATAATGATGCTGA	17
STRG.2.2	AAAGTGTGTTTATT	14
STRG.2.2	TTCCCTAAAAGAT	13
STRG.2.2	GAAAGAAAATCCC	13
STRG.2.2	CCAAAAAAGAAAA	13
STRG.2.2	GCAGCAACAACAA	13
STRG.2.2	AGAAACCGCCGAG	13
STRG.2.2	TTCGTAACATGGA	13
STRG.2.2	TTAAAAACACATT	13
STRG.2.2	GAAGTCCAAGCAG	13
STRG.2.2	GCGAACTGCATTG	13
STRG.2.2	TTTTGTTTTTAAT	13
STRG.2.2	AGATATTTATTT	12
STRG.2.2	TTGTTTTTCATT	12
STRG.2.2	AATCCAGAATAT	12
STRG.2.2	CATTAAACAACA	12
STRG.2.2	ATGTAAATAAAT	12
STRG.2.2	ACAGCGGATCCC	12
STRG.2.2	TGCCACAGCTAA	12
STRG.2.2	ATACATTTACAG	12
STRG.2.2	TGCAGTCGATCC	12
STRG.2.2	CACTGCCAGAGC	12
STRG.2.2	GCTTTCAAATAT	12
STRG.2.2	AGCGGAAATCGA	12
STRG.2.2	GGAGACGCAACA	12
STRG.2.1	AAAGTGTGTTTATT	14
STRG.2.1	TTCCCTAAAAGAT	13
STRG.2.1	GAAAGAAAATCCC	13
STRG.2.1	CCAAAAAAGAAAA	13
STRG.2.1	GCAGCAACAACAA	13
STRG.2.1	AGAAACCGCCGAG	13
STRG.2.1	TTCGTAACATGGA	13
STRG.2.1	TTAAAAACACATT	13
STRG.2.1	GAAGTCCAAGCAG	13
STRG.2.1	GCGAACTGCATTG	13
STRG.2.1	TTGTTTTTCATT	12
STRG.2.1	CATTAAACAACA	12
STRG.2.1	ACAGCGGATCCC	12
STRG.2.1	TGCCACAGCTAA	12
STRG.2.1	ATACATTTACAG	12
STRG.2.1	TGCAGTCGATCC	12
STRG.2.1	CACTGCCAGAGC	12
STRG.2.1	GCTTTCAAATAT	12
STRG.2.1	AGCGGAAATCGA	12
STRG.2.1	GGAGACGCAACA	12
STRG.19.1	GCAACAGCAGCAG	13
STRG.32.2	TCGCGGCTCCCGCAGCAG	18
STRG.32.2	TTATATTTCCATGC	14
STRG.32.2	ACATGCGTGGCAA	13
STRG.32.2	GCGGCAAACGATT	13
STRG.32.2	TTTTAATTATATT	13
STRG.32.2	GGAGGCGGCAGAG	13
STRG.32.2	ATAATTGAAAAT	12
STRG.32.2	AATTGCAGTTTG	12
STRG.32.2	CATAATAATAAA	12
STRG.32.2	TCAAAATAAAAG	12
STRG.32.2	AATTGAAAATTA	12
STRG.32.2	TTTTTCGGTTTC	12
STRG.32.2	TTTTAATTATAT	12
STRG.32.2	TTTTAATTATAT	12
STRG.32.2	GCCAGCATGGCC	12
STRG.32.1	TCGCGGCTCCCGCAGCAG	18
STRG.32.1	ACATGCGTGGCAA	13
STRG.32.1	GCGGCAAACGATT	13
STRG.32.1	GGAGGCGGCAGAG	13
STRG.32.1	ATAATTGAAAAT	12
STRG.32.1	AATTGCAGTTTG	12
STRG.32.1	CATAATAATAAA	12
STRG.32.1	AATTGAAAATTA	12
STRG.32.1	TTTTTCGGTTTC	12
STRG.32.1	GCCAGCATGGCC	12
STRG.30.1	ATCGTTTTTGATGA	14
STRG.30.1	AAAGGAGCTGCCGC	14
STRG.30.1	CGCTCAGTGCCGA	13
STRG.30.1	AGGAGCAGAAGAA	13
STRG.30.1	GAATCCTGCCATC	13
STRG.30.1	TTCGGCGGCATT	12
STRG.30.1	GGCTGGAAAGTT	12
STRG.30.1	GGGCTCCATCGC	12
STRG.30.1	GGAGCAGGGCAA	12
STRG.30.1	AGGAGGAGGAGC	12
STRG.30.1	TTTTCGCATTTT	12
STRG.30.1	TCCCACCTGGCC	12
STRG.30.1	CGCGAGGAAGGA	12
STRG.30.1	GAAGGCCGAGGA	12
STRG.30.1	AGCAGAAGAATA	12
STRG.6.1	TTAGATATTTATTT	14
STRG.6.1	AATGGAAATGGAAA	14
STRG.6.1	ACAAACAAACAGA	13
STRG.6.1	GGACTCGAAAGGA	13
STRG.6.1	TATTTCTGCGGA	12
STRG.6.1	CGGCAGTGGCAG	12
STRG.6.1	AAAATGTATAAA	12
STRG.6.1	ATAAATAAATAA	12
STRG.6.1	ATAAATAAAAAT	12
STRG.6.1	TGAAAAGCATAA	12
STRG.6.1	AAATAAATAAAA	12
STRG.6.1	CTTTAATAGGTA	12
STRG.39.1	GATATTTTTATAT	13
STRG.39.1	AATAAAAGCCAA	12
STRG.39.1	ATGTGGCTCAAA	12
STRG.39.1	TTACGCAGATGA	12
STRG.4.1	CTTTAAAAACACATT	15
STRG.4.1	CAGAAGGTACATTA	14
STRG.4.1	AATTAAATAAAAAC	14
STRG.4.1	GAATTTGATTTTA	13
STRG.4.1	GCCACAGCAATTG	13
STRG.4.1	GCTTTTGCATTCT	13
STRG.4.1	ATGCTAATAATTA	13
STRG.4.1	TTCAACCAAATCG	13
STRG.4.1	TAAAAACAAAAGT	13
STRG.4.1	TTATTGCCGTCAT	13
STRG.4.1	ACACAACTCATTT	13
STRG.4.1	CACATTGCACTGG	13
STRG.4.1	ACAGTCTGCACCC	13
STRG.4.1	AATGAAATCGAAA	13
STRG.4.1	AGAAAACTGTTG	12
STRG.4.1	ATACATATGTAT	12
STRG.4.1	GTGTGCCTTTAG	12
STRG.4.1	TTACGCACTTTA	12
STRG.4.1	TGTACATACATA	12
STRG.4.1	ATACATATGTAT	12
STRG.4.1	ATGTATATTCTT	12
STRG.4.1	ATACATACACAT	12
STRG.4.1	CCGATGCATTGG	12
STRG.4.1	TCATTTTCCTGC	12
STRG.4.1	GTTTAATTAAAA	12
STRG.4.1	AAAAGCCAAGAC	12
STRG.26.1	CCAGAAGGACGACGAC	16
STRG.26.1	GCAAAGGCAACAACAA	16
STRG.26.1	AAAATCGCTGGCT	13
STRG.26.1	CACCTCATCGCC	12
STRG.26.1	GCCCACTCGAAA	12
STRG.26.1	TTCGCTGCCAAG	12
STRG.26.1	GTTTATTTATTT	12
STRG.26.1	TTTCTGATTTGT	12
STRG.26.1	CGACACATTCCA	12
STRG.26.1	TTTAGTTTATTT	12
STRG.26.1	TTGGGCAAGCGG	12
STRG.26.1	ACCCCGACTCCT	12
STRG.26.1	TTTATTTATTTT	12
STRG.26.1	ATCCGCCCACAT	12
STRG.26.1	CGCCGGCAGCTC	12
STRG.26.1	CCGGCGGCGATC	12
STRG.26.1	GCACTCGCCGGA	12
STRG.26.1	ATGGTGATGCAA	12
STRG.26.2	CCAGAAGGACGACGAC	16
STRG.26.2	GCAAAGGCAACAACAA	16
STRG.26.2	TTTAAGTACTGCAT	14
STRG.26.2	AGCAACAAATGTGC	14
STRG.26.2	AAAATCGCTGGCT	13
STRG.26.2	TTGTGTGAATTTT	13
STRG.26.2	CACCTCATCGCC	12
STRG.26.2	TTATTTATGCCA	12
STRG.26.2	GCCCACTCGAAA	12
STRG.26.2	TTCGCTGCCAAG	12
STRG.26.2	ATGTGCCTGCTG	12
STRG.26.2	GTTTATTTATTT	12
STRG.26.2	TTTCTGATTTGT	12
STRG.26.2	CGACACATTCCA	12
STRG.26.2	ATTGATGGGCTC	12
STRG.26.2	TTTAGTTTATTT	12
STRG.26.2	TTGGGCAAGCGG	12
STRG.26.2	TGGGCTCCAGTT	12
STRG.26.2	GTTTGTAAATAA	12
STRG.26.2	ACCCCGACTCCT	12
STRG.26.2	TTTATTTATTTT	12
STRG.26.2	ATCCGCCCACAT	12
STRG.26.2	GTTCGTCAGTGC	12
STRG.26.2	CGCCGGCAGCTC	12
STRG.26.2	CCGGCGGCGATC	12
STRG.26.2	GCACTCGCCGGA	12
STRG.26.2	ATGGTGATGCAA	12
STRG.15.1	CAGCTTTAAAATC	13
STRG.15.1	AAAAAAGAAAAA	12
STRG.15.1	GGGAAACGTGAT	12
STRG.15.1	GCCCGATGATGT	12
STRG.15.1	AACAAATGAAAA	12
STRG.29.1	GACAGTTGACAGC	13
STRG.29.1	CATGGAAATATAA	13
STRG.29.1	AGTGCAAAATGA	12
STRG.3.3	GTCCTCGGCATTGCC	15
STRG.3.3	AAAATCCTTTGAGC	14
STRG.3.3	AATAAAAAAGTGA	13
STRG.3.3	TACTTCCCCACTC	13
STRG.3.3	GAGACAATAATAA	13
STRG.3.3	TGCTGTGCCAAAA	13
STRG.3.3	CAAACCATTTTGT	13
STRG.3.3	TTTTAAATATAA	12
STRG.3.3	TTTTTATTTTTT	12
STRG.3.3	GCGAACTTTGGT	12
STRG.3.3	CTTTAGTGAGTA	12
STRG.3.3	GCTGGAAAAAAA	12
STRG.3.3	ATAAGCGATTCA	12
STRG.3.3	ATGATGTGCTGT	12
STRG.3.2	GTCCTCGGCATTGCC	15
STRG.3.2	AATAAAAAAGTGA	13
STRG.3.2	TACTTCCCCACTC	13
STRG.3.2	TGCTGTGCCAAAA	13
STRG.3.2	TTTTAAATATAA	12
STRG.3.2	TTTTTATTTTTT	12
STRG.3.2	GCGAACTTTGGT	12
STRG.3.2	ATCGGAAGGCAG	12
STRG.3.2	CTTTAGTGAGTA	12
STRG.3.2	TACATACATACA	12
STRG.3.2	GCTGGAAAAAAA	12
STRG.3.2	ATCGAACGAAGT	12
STRG.3.2	ATATGGATGCCT	12
STRG.3.1	GTCCTCGGCATTGCC	15
STRG.3.1	AATAAAAAAGTGA	13
STRG.3.1	TACTTCCCCACTC	13
STRG.3.1	ATTGATTTTGCAG	13
STRG.3.1	TGCTGTGCCAAAA	13
STRG.3.1	TTTTAAATATAA	12
STRG.3.1	TTTTTATTTTTT	12
STRG.3.1	GCGAACTTTGGT	12
STRG.3.1	CTTTAGTGAGTA	12
STRG.3.1	ACAGGTGGAGAG	12
STRG.3.1	GCTGGAAAAAAA	12
STRG.3.1	ATATGGATGCCT	12
STRG.1.1	TAAATTTCTTTTATTT	16
STRG.1.1	TTCATTTTTTATTT	14
STRG.1.1	AAAAGCATAAATCG	14
STRG.1.1	CCAACAAAGCCAGT	14
STRG.1.1	CACTTTAAACCCAA	14
STRG.1.1	TTTCTTTTATTTTC	14
STRG.1.1	TTATAAAAAAATT	13
STRG.1.1	GTATAAACACAAA	13
STRG.1.1	GGAAACACTGCAG	13
STRG.1.1	TTTCTGCGCAGCT	13
STRG.1.1	CGGAGTTGAATTG	13
STRG.1.1	ACTTTGTTAAACA	13
STRG.1.1	TTTAATAAATTGT	13
STRG.1.1	TAATTTTTGCATT	13
STRG.1.1	AAATAGCATTCTG	13
STRG.1.1	CGGAGAAGCAATT	13
STRG.1.1	GAATGCCGCAGCA	13
STRG.1.1	GGTTAAAATATTG	13
STRG.1.1	CGACCATTTAAAT	13
STRG.1.1	AGATGTCGCTGA	12
STRG.1.1	TATTTATGATTT	12
STRG.1.1	CGTGGTGTAAAT	12
STRG.1.1	ATTTTTTAAATT	12
STRG.1.1	TTTTGCATTCTC	12
STRG.1.1	GTGTTCAGCAAG	12
STRG.1.1	GCTAATAATATT	12
STRG.1.1	TAATTATTTATG	12
STRG.1.1	ATAGATAACCCA	12
STRG.1.1	CGCCATATCTTC	12
STRG.1.1	TATTTTATTTAA	12
STRG.1.1	CTTGGAATCGAA	12
STRG.1.1	CAGCTGAATGCC	12
STRG.1.1	ATCGCGACTTTG	12
STRG.1.1	TTAAATTAAATT	12
STRG.1.1	GAACGCAAAAAA	12
STRG.1.1	CAGCAACAAATG	12
STRG.1.1	CGCAGCTGCAGA	12
STRG.1.1	TCAATCCGCCAA	12
STRG.1.1	GAGCTGGAGATG	12
STRG.1.1	TTTTATCAGTAC	12
STRG.1.1	TAAATTTCTTTT	12
STRG.1.1	GCCGTCGAATGT	12
STRG.1.1	GACCATTTAAAT	12
STRG.1.1	ATTTCTAATTTA	12
STRG.1.1	AATTTTTGCATT	12
STRG.1.1	AAACAGAAATGA	12
STRG.1.1	ATTTAAATATGA	12
STRG.1.1	CGTGGTGTAAAT	12
STRG.1.1	AGTTGAATTGTA	12
STRG.1.1	GTTTTTATGAGT	12
STRG.1.1	CTACTAATTATT	12
STRG.1.1	CAGCCAGCATAA	12
STRG.1.1	AGTACTAGTTCT	12
STRG.1.1	AGTTGCATACAA	12
STRG.1.1	CAGCATGGCTTT	12
STRG.1.1	AACCCACCACAA	12
STRG.1.1	ATTTAATAAATT	12
STRG.18.1	CACATTTGCCAAAAG	15
STRG.18.1	GAGGAGGAGCTGCAG	15
STRG.18.1	GTTCCGCCTCGTCC	14
STRG.18.1	AAGTAGTTTAACTC	14
STRG.18.1	GAGCAGCAGGAACA	14
STRG.18.1	AAGAAATCGAAGAG	14
STRG.18.1	CTGAAACATGCAAA	14
STRG.18.1	GAAAAGGAGCAGCG	14
STRG.18.1	ATTTAAAAAGAAA	13
STRG.18.1	GGAAATAGCAACA	13
STRG.18.1	GTTCCAACTCCAG	13
STRG.18.1	AAAATCAAATTCA	13
STRG.18.1	GAAGAGGAAAAAG	13
STRG.18.1	GCAGCAGCCACAG	13
STRG.18.1	GAAAAGTTGTTGC	13
STRG.18.1	GCACTGCAGCTGA	13
STRG.18.1	CTGCCTGCACCGC	13
STRG.18.1	AGCAACAACAAAG	13
STRG.18.1	GGAAACTGAAGAC	13
STRG.18.1	TGAGCCAAAAATT	13
STRG.18.1	CGATTAAGTTTTT	13
STRG.18.1	CCTGCTCCTCCAC	13
STRG.18.1	TTAATTCTGTCAC	13
STRG.18.1	AAGAGCTGGAGGA	13
STRG.18.1	CCTCAGCAACCTG	13
STRG.18.1	ACACACACATACA	13
STRG.18.1	GCAGCAACATGCC	13
STRG.18.1	GCTCCTCCTCCAG	13
STRG.18.1	GCTGCTCCTCCTC	13
STRG.18.1	AAAACAATCAGCA	13
STRG.18.1	TGAAAGACTGCG	12
STRG.18.1	AGAACACGAGAG	12
STRG.18.1	CAAGCAGTGGAA	12
STRG.18.1	TGGATCTGGATT	12
STRG.18.1	TTGGTGATGACC	12
STRG.18.1	ACCTGGCCAAAA	12
STRG.18.1	GCCAACTCCTAT	12
STRG.18.1	CTACGGCGGCAG	12
STRG.18.1	AGAGCGTCGCTT	12
STRG.18.1	CTCACTTTGCGG	12
STRG.18.1	CATCATTCCAAT	12
STRG.18.1	AGAAACAGCAAC	12
STRG.18.1	GTAGTTCACATA	12
STRG.18.1	ATATTTCCATCA	12
STRG.18.1	CCTGCAGTTTCC	12
STRG.18.1	AGTGCAAAGTTT	12
STRG.18.1	TGGAGAGCTCAG	12
STRG.18.1	TTATTTGGCCAA	12
STRG.18.1	CAACGCCCTGGT	12
STRG.18.1	CAGCAAAGTAAA	12
STRG.18.1	AAATAAATGCAA	12
STRG.18.1	CGCTTTAGTCGC	12
STRG.18.1	ACAGCAACAACA	12
STRG.18.1	TGGAGCAAACAA	12
STRG.18.1	CAGCATCAATAA	12
STRG.18.1	AAGGATGCGAAG	12
STRG.18.1	TCTATGGCCCAA	12
STRG.18.1	ACAAGGACACTC	12
STRG.18.1	TGCTTTTCTTCC	12
STRG.18.1	AACACCAGCAGC	12
STRG.18.1	CCAATCCTCGAG	12
STRG.18.1	TTTTTGTTTTTT	12
STRG.18.1	AGTTGCCATTTT	12
STRG.18.1	TAAAATATTTAA	12
STRG.18.1	ATATTTAAATTA	12
STRG.18.1	TTTATATTTGGC	12
STRG.18.1	GAAAGGAGAAAG	12
STRG.18.1	GCCAACAGCAGC	12
STRG.18.1	GTTTATTTATTT	12
STRG.18.1	TAAATAAATGCA	12
STRG.18.1	ATTGAGGCCAAG	12
STRG.18.1	GAAAATCGGTAC	12
STRG.18.1	TAATTATAATTA	12
STRG.18.1	CCCCAAAAGCGA	12
STRG.18.1	AGAGCTCAGCTC	12
STRG.18.1	TTTAATCAACAA	12
STRG.18.1	CTCAGCAGCAGG	12
STRG.18.1	CTCTGCTGCAGC	12
STRG.18.1	AAATGCCGGAGG	12
STRG.18.1	TAAAGACTTGCA	12
STRG.18.1	TCAGCAACAGCA	12
STRG.18.1	CCGCAGCAGCAG	12
STRG.18.1	TGCAGCAACAGC	12
STRG.18.1	CAGCAGCAGCTC	12
STRG.18.1	GAGCAGCAGGAA	12
STRG.18.1	ATACAAAATACA	12
STRG.18.1	AACGAAAGAAAA	12
STRG.18.1	TGCCTCCTCACG	12
STRG.18.1	GCAGCCAAACCA	12
STRG.18.1	TACAAAAAATGA	12
STRG.18.1	TTAGCTGCAAAA	12
STRG.18.1	CAGAATCAGCAG	12
STRG.18.1	CAGCAGCGGGAG	12
STRG.18.1	TGCTCTACCAGC	12
STRG.18.1	GATTGGGTAACT	12
STRG.18.1	CGTCAAACCGTC	12
STRG.18.1	GGGAAAGCTTTG	12
STRG.18.1	GAAACAGCAACA	12
STRG.18.1	ACCATGCGCAGC	12
STRG.18.1	GTTCCTTGGCTC	12
STRG.18.1	AGCAGCCTTTCC	12
STRG.18.1	CAATGGATATGC	12
STRG.18.1	TGCCCACTGTGC	12
STRG.18.1	GACCAACGACCA	12
STRG.18.1	TCCTCATCCTCA	12
STRG.18.1	AAATGGATATTG	12
STRG.18.1	CATTTAATGCGA	12
STRG.18.1	ATAATAAAATAT	12
STRG.18.1	CTTCAGCAGCTC	12
STRG.18.1	AAAATATACCCA	12
STRG.18.1	TTTAAATTATTT	12
STRG.18.1	AGGAGAAAGCAT	12
STRG.18.1	AGGAGGAGGAGC	12
STRG.18.1	AGAGGCAGGAAA	12
STRG.18.1	AAAAAAACAAAA	12
STRG.18.1	TGACTGCACATC	12
STRG.18.1	CAAAAAATAAAA	12
STRG.18.1	GCTTTTGGCTTT	12
STRG.18.1	ACTGGGACTGGG	12
STRG.18.1	TGAAAGAAATGT	12
STRG.18.1	ATTGGGCTTTGG	12
STRG.18.1	AATGCCTCGGCG	12
STRG.18.1	GCTTCAGTGCCA	12
STRG.18.1	GCAAGCGGAAAC	12
STRG.18.1	TACAACTTGAGA	12
STRG.18.1	CTCGGCTTTCCG	12
STRG.18.1	GTGGCAGTGGCA	12
STRG.18.1	CGGCGAAAGGAG	12
STRG.18.1	CCGCAGCAGCAG	12
STRG.18.1	ACACACACATAC	12
STRG.18.1	TAGTTGTATGTT	12
STRG.18.1	GTTTTGGCCGCC	12
STRG.18.1	AAGCGCTCTACT	12
STRG.18.1	TTCTGCTTTGGC	12
STRG.18.1	GCGGAAACCAAT	12
STRG.18.1	GCTGCTCCTCCT	12
STRG.18.1	CAAACAGCAAAC	12
STRG.18.1	ACAACAAAAACG	12
STRG.18.1	GTGGCAGTGGCA	12
STRG.18.1	AAGCTGCTAGCA	12
STRG.18.1	TAAACAAGAGAA	12
STRG.18.1	GATGTGATACAC	12
STRG.18.1	TAGTTCTAGTGG	12
STRG.18.1	CGGCTAAATAAA	12
STRG.18.1	CATCCTCCGAGT	12
STRG.18.1	AATCTCGCCGTT	12
STRG.18.1	ACACACACATAC	12
STRG.7.3	AAAAATATATTAAA	14
STRG.7.3	AAATATGAAAAGT	13
STRG.7.3	TGCAACGGCAGCA	13
STRG.7.3	TGCAATAAATTTC	13
STRG.7.3	GACAAACGGACA	12
STRG.7.3	TATAATTTAAAC	12
STRG.7.3	ACTCGATTGTAT	12
STRG.7.3	GACAAACGGACA	12
STRG.7.3	GACAAACGGACA	12
STRG.7.3	GACAAACGGACA	12
STRG.7.3	AGTTGTTAAAGT	12
STRG.7.3	TTTTCACAAAAA	12
STRG.7.3	GCTTTTTGTAAT	12
STRG.7.3	AACGGATGCAAC	12
STRG.7.3	TGAAAAGTATAA	12
STRG.7.3	ATTCTCTGGCAA	12
STRG.7.3	ACTTATTTTTGT	12
STRG.7.3	AGACAAACGGAC	12
STRG.7.3	AGTAAAAATTAA	12
STRG.7.3	CGTAATTTTTAG	12
STRG.7.3	AGAAAGTTGTTA	12
STRG.7.3	GCCAACGGATGC	12
STRG.7.3	CCCTTCAAACTT	12
STRG.7.3	GCCCCGATTCCA	12
STRG.7.3	TAAAACAATTAA	12
STRG.7.3	GATTGCTGAGCT	12
STRG.7.3	GGATGCCCATCT	12
STRG.7.3	ACTTCACCAAGG	12
STRG.7.2	AAAAATATATTAAA	14
STRG.7.2	AAATATGAAAAGT	13
STRG.7.2	TGCAACGGCAGCA	13
STRG.7.2	TGCAATAAATTTC	13
STRG.7.2	GACAAACGGACA	12
STRG.7.2	TATAATTTAAAC	12
STRG.7.2	ACTCGATTGTAT	12
STRG.7.2	GACAAACGGACA	12
STRG.7.2	GACAAACGGACA	12
STRG.7.2	GACAAACGGACA	12
STRG.7.2	AGTTGTTAAAGT	12
STRG.7.2	TTTTCACAAAAA	12
STRG.7.2	GCTTTTTGTAAT	12
STRG.7.2	AACGGATGCAAC	12
STRG.7.2	TGAAAAGTATAA	12
STRG.7.2	ATTCTCTGGCAA	12
STRG.7.2	ACTTATTTTTGT	12
STRG.7.2	AGACAAACGGAC	12
STRG.7.2	AGTAAAAATTAA	12
STRG.7.2	CGTAATTTTTAG	12
STRG.7.2	AGAAAGTTGTTA	12
STRG.7.2	GCCAACGGATGC	12
STRG.7.2	CCCTTCAAACTT	12
STRG.7.2	GCCCCGATTCCA	12
STRG.7.2	TAAAACAATTAA	12
STRG.7.2	GATTGCTGAGCT	12
STRG.7.2	GGATGCCCATCT	12
STRG.7.1	AAAAATATATTAAA	14
STRG.7.1	TGCAACGGCAGCA	13
STRG.7.1	GACAAACGGACA	12
STRG.7.1	TATAATTTAAAC	12
STRG.7.1	ACTCGATTGTAT	12
STRG.7.1	AAATATGAAAAG	12
STRG.7.1	GACAAACGGACA	12
STRG.7.1	GACAAACGGACA	12
STRG.7.1	GACAAACGGACA	12
STRG.7.1	AGTTGTTAAAGT	12
STRG.7.1	GCTTTTTGTAAT	12
STRG.7.1	AACGGATGCAAC	12
STRG.7.1	ATTCTCTGGCAA	12
STRG.7.1	ACTTATTTTTGT	12
STRG.7.1	AGACAAACGGAC	12
STRG.7.1	AGTAAAAATTAA	12
STRG.7.1	CGTAATTTTTAG	12
STRG.7.1	AGAAAGTTGTTA	12
STRG.7.1	GCCAACGGATGC	12
STRG.7.1	CCCTTCAAACTT	12
STRG.7.1	GCCCCGATTCCA	12
STRG.7.1	TAAAACAATTAA	12
STRG.7.1	GATTGCTGAGCT	12
STRG.7.1	GGATGCCCATCT	12
STRG.7.1	ACTTCACCAAGG	12
STRG.35.1	GCTCGTCCGGCAGC	14
STRG.35.1	CTGCTGGCCACCA	13
STRG.35.1	TTCGTGATGCATG	13
STRG.35.1	AGAAAATGTTCCC	13
STRG.35.1	ATACAAATATATT	13
STRG.35.1	CCTTGGCCTGCTG	13
STRG.35.1	TTCTTCTACGAC	12
STRG.35.1	GGAGGAAGTCAT	12
STRG.35.1	CTACCTGCTCAC	12
STRG.35.1	GCGAATAAATTT	12
STRG.35.1	TTTCAAATATTT	12
STRG.35.1	GGAGGAAGTCAT	12
STRG.35.1	GGCAGCAAAAAG	12
STRG.7.6	AAAAATATATTAAA	14
STRG.7.6	AAATATGAAAAGT	13
STRG.7.6	TGCAACGGCAGCA	13
STRG.7.6	TGCAATAAATTTC	13
STRG.7.6	GACAAACGGACA	12
STRG.7.6	TATAATTTAAAC	12
STRG.7.6	ACTCGATTGTAT	12
STRG.7.6	GACAAACGGACA	12
STRG.7.6	GACAAACGGACA	12
STRG.7.6	GACAAACGGACA	12
STRG.7.6	AGTTGTTAAAGT	12
STRG.7.6	TTTTCACAAAAA	12
STRG.7.6	GCTTTTTGTAAT	12
STRG.7.6	AACGGATGCAAC	12
STRG.7.6	TGAAAAGTATAA	12
STRG.7.6	ATTCTCTGGCAA	12
STRG.7.6	ACTTATTTTTGT	12
STRG.7.6	AGACAAACGGAC	12
STRG.7.6	AGTAAAAATTAA	12
STRG.7.6	CGTAATTTTTAG	12
STRG.7.6	AGAAAGTTGTTA	12
STRG.7.6	GCCAACGGATGC	12
STRG.7.6	CCCTTCAAACTT	12
STRG.7.6	GCCCCGATTCCA	12
STRG.7.6	TAAAACAATTAA	12
STRG.7.6	GATTGCTGAGCT	12
STRG.7.6	GGATGCCCATCT	12
STRG.7.5	AAAAATATATTAAA	14
STRG.7.5	AAATATGAAAAGT	13
STRG.7.5	TGCAACGGCAGCA	13
STRG.7.5	TGCAATAAATTTC	13
STRG.7.5	GACAAACGGACA	12
STRG.7.5	TATAATTTAAAC	12
STRG.7.5	ACTCGATTGTAT	12
STRG.7.5	GACAAACGGACA	12
STRG.7.5	GACAAACGGACA	12
STRG.7.5	GACAAACGGACA	12
STRG.7.5	AGTTGTTAAAGT	12
STRG.7.5	TTTTCACAAAAA	12
STRG.7.5	GCTTTTTGTAAT	12
STRG.7.5	AACGGATGCAAC	12
STRG.7.5	TGAAAAGTATAA	12
STRG.7.5	ATTCTCTGGCAA	12
STRG.7.5	ACTTATTTTTGT	12
STRG.7.5	AGACAAACGGAC	12
STRG.7.5	AGTAAAAATTAA	12
STRG.7.5	CGTAATTTTTAG	12
STRG.7.5	AGAAAGTTGTTA	12
STRG.7.5	GCCAACGGATGC	12
STRG.7.5	CCCTTCAAACTT	12
STRG.7.5	GCCCCGATTCCA	12
STRG.7.5	TAAAACAATTAA	12
STRG.7.5	GATTGCTGAGCT	12
STRG.7.5	GGATGCCCATCT	12
STRG.7.4	AAAAATATATTAAA	14
STRG.7.4	AAATATGAAAAGT	13
STRG.7.4	TGCAACGGCAGCA	13
STRG.7.4	TGCAATAAATTTC	13
STRG.7.4	GACAAACGGACA	12
STRG.7.4	TATAATTTAAAC	12
STRG.7.4	ACTCGATTGTAT	12
STRG.7.4	GACAAACGGACA	12
STRG.7.4	GACAAACGGACA	12
STRG.7.4	GACAAACGGACA	12
STRG.7.4	AGTTGTTAAAGT	12
STRG.7.4	TTTTCACAAAAA	12
STRG.7.4	GCTTTTTGTAAT	12
STRG.7.4	AACGGATGCAAC	12
STRG.7.4	TGAAAAGTATAA	12
STRG.7.4	ATTCTCTGGCAA	12
STRG.7.4	ACTTATTTTTGT	12
STRG.7.4	AGACAAACGGAC	12
STRG.7.4	AGTAAAAATTAA	12
STRG.7.4	CGTAATTTTTAG	12
STRG.7.4	AGAAAGTTGTTA	12
STRG.7.4	GCCAACGGATGC	12
STRG.7.4	CCCTTCAAACTT	12
STRG.7.4	GCCCCGATTCCA	12
STRG.7.4	TAAAACAATTAA	12
STRG.7.4	GATTGCTGAGCT	12
STRG.7.4	GGATGCCCATCT	12
STRG.7.4	ACTTCACCAAGG	12
STRG.40.1	GACTCACACACACA	14
STRG.40.1	CACACACACAAAC	13
STRG.40.1	ACAAATGCCGCAT	13
STRG.40.1	CGGACAAACGGA	12
STRG.40.1	TTGCCAGCATTT	12
STRG.40.1	TTATAATTCAGC	12
STRG.40.1	TTCAAAAAAGTT	12
STRG.40.1	AGCTGCATCCGG	12
STRG.40.1	CGGACAAACGGA	12
STRG.40.1	CGGACAAACGGA	12
STRG.40.1	CGGACAAACGGA	12
STRG.40.1	ACAAAATACTGA	12
STRG.40.1	ACAAAATACTGA	12
STRG.40.1	GGGCATGATGGA	12
STRG.40.2	TTCAAAAAAGTT	12
STRG.11.1	TTGTGTGTTTACTT	14
STRG.11.1	CGTTTAATGAGC	12
STRG.11.1	AGGACGAGGAGC	12
STRG.13.1	ATGCAACAAATGA	13
STRG.13.1	CTGCTTTCCTGCT	13
STRG.13.1	GGCCAACAAGTTA	13
STRG.13.1	AAGGAATTTGCT	12
STRG.13.1	TACCGAATTGAG	12
STRG.13.1	GCAGAGGACTTG	12
STRG.13.1	TTGATTGTGTTT	12
STRG.13.1	GTTTATGTTTTC	12
STRG.13.1	CTGCTTTCCTGC	12
STRG.13.1	GGGAAAGGGGGC	12
STRG.13.1	AATGGGCACAAA	12
STRG.13.1	CAGTGCTGACCA	12
STRG.13.1	GTCCAGTGCACA	12
STRG.13.1	CCAGGCAGCTCC	12
STRG.13.1	CAAAGTGGAGAA	12
STRG.13.1	AATGGTGGCCAT	12
STRG.13.1	TTAAGTTAAATG	12
STRG.13.1	AACCGAAGATAT	12
STRG.13.2	GAAGTGGAGTGGAG	14
STRG.13.2	AGTGGAGTGGAGCG	14
STRG.13.2	ATGCCGGAGGTGAA	14
STRG.13.2	AAAATTGCATTTAA	14
STRG.13.2	ATTTTGTTATTGT	13
STRG.13.2	AGCAGGTGGAAAC	13
STRG.13.2	TATGTGAAGTGCT	13
STRG.13.2	CAAAAGTCCTTTA	13
STRG.13.2	ACACACAAACGAG	13
STRG.13.2	CATGGTTGTTGTT	13
STRG.13.2	AGCTTCGACTGC	12
STRG.13.2	CGCATCCGCTTC	12
STRG.13.2	CCGTCATGAGTT	12
STRG.13.2	TTTCGTTTTGGG	12
STRG.13.2	GGGATTTACTGG	12
STRG.13.2	TTAAATTAAACT	12
STRG.13.2	GCAGCAGCATCG	12
STRG.13.2	GAGGTGGCGCGA	12
STRG.13.2	GAGCTTCGACTG	12
STRG.13.2	TCTACCAGCGGA	12
STRG.13.2	TTTGTAATTGCT	12
STRG.13.2	GAACAACAATGC	12
STRG.13.2	CAGAGCCAGTCT	12
STRG.13.2	TTAAAATTTAAT	12
STRG.13.2	GGAGCCCAAGGA	12
STRG.13.2	CTGCAGGCTCAC	12
STRG.13.2	TCCAGAAAGGCG	12
STRG.46.1	CAACGGCAGCGCC	13
STRG.46.1	GCTGCATTTCTAT	13
STRG.46.1	TTTTGAAGGAAG	12
STRG.46.1	TGCTGCTCCTGG	12
STRG.46.1	AAGCAAAAGCTG	12
STRG.46.1	GAACGGGAGCTG	12
STRG.46.1	AAACTGGTTGTG	12
STRG.46.1	ACGTCCCCCGGT	12
STRG.46.1	TTGAATGTGGAG	12
STRG.59.3	GCTCCTCCAGCTCGAG	16
STRG.59.3	CTTTTGGACAATAAT	15
STRG.59.3	CTTCACCCGCTTT	13
STRG.59.3	ACACACGCGCACA	13
STRG.59.3	GCGACTTTATGGC	13
STRG.59.3	ACGAAAACGAAAT	13
STRG.59.3	CATCCTCATCCTC	13
STRG.59.3	CCCGAAATCTGGG	13
STRG.59.3	ATCATCCTCATCC	13
STRG.59.3	TGCTGCGCCACA	12
STRG.59.3	GGCGGCCAACAG	12
STRG.59.3	AGTGGAAATTTA	12
STRG.59.3	CGCCAAGCTGAT	12
STRG.59.3	CATTTCGGGTTT	12
STRG.59.3	TAGCAGATGCTA	12
STRG.59.3	CAACACACGCGC	12
STRG.59.3	CTTTTGGACAAT	12
STRG.59.3	TCCTCTTCCCAT	12
STRG.59.3	AAATCCACAAAG	12
STRG.59.3	CGGAGTCGAATG	12
STRG.59.3	CGAGTGTCGGTG	12
STRG.59.3	GAGCAGCCCACC	12
STRG.59.3	CTGCTGCTCCTT	12
STRG.59.2	GCTCCTCCAGCTCGAG	16
STRG.59.2	CTTTTGGACAATAAT	15
STRG.59.2	TGTGTGCGTGGCA	13
STRG.59.2	CTTCACCCGCTTT	13
STRG.59.2	ACACACGCGCACA	13
STRG.59.2	ATTTTGCTTGTAC	13
STRG.59.2	GCGACTTTATGGC	13
STRG.59.2	CATCCTCATCCTC	13
STRG.59.2	AACAAAAAACAAA	13
STRG.59.2	GCTGCTGCTGGAA	13
STRG.59.2	ATCATCCTCATCC	13
STRG.59.2	CAGGCGGAGAAG	12
STRG.59.2	AGGCGGAGAAGC	12
STRG.59.2	AAGGTGCAGAAG	12
STRG.59.2	TCACATTTTGCT	12
STRG.59.2	TGTACATTTAAT	12
STRG.59.2	TGCAAGTATGTG	12
STRG.59.2	ATGAACATGAAC	12
STRG.59.2	CCGCAAAACTTT	12
STRG.59.2	TTTTTAGCCTAA	12
STRG.59.2	GGGGAATCCGGA	12
STRG.59.2	TGCTGCGCCACA	12
STRG.59.2	CCTGTTCTCGGA	12
STRG.59.2	CAGCAGCAAGGA	12
STRG.59.2	GGCGGCCAACAG	12
STRG.59.2	GGAAAAGCTCAC	12
STRG.59.2	AGTGGAAATTTA	12
STRG.59.2	CAGAGGAAAAGC	12
STRG.59.2	CGCCAAGCTGAT	12
STRG.59.2	CATTTCGGGTTT	12
STRG.59.2	AAAATCAAAATG	12
STRG.59.2	AAATAACAGCAT	12
STRG.59.2	GCGCTGCCAACC	12
STRG.59.2	ACATTTAATATA	12
STRG.59.2	TAGCAGATGCTA	12
STRG.59.2	CAACACACGCGC	12
STRG.59.2	ATCCTGCTAAAT	12
STRG.59.2	TCCCTTGGCTGC	12
STRG.59.2	GCAGCGGGGGCA	12
STRG.59.2	CTTTTGGACAAT	12
STRG.59.2	TTATCATATTTT	12
STRG.59.2	TGTTTTCGTATC	12
STRG.59.2	TCCTCTTCCCAT	12
STRG.59.2	AAATCCACAAAG	12
STRG.59.2	TGGGGCCAGGAC	12
STRG.59.2	CGAGTGTCGGTG	12
STRG.59.2	CTGCTGCTCCTT	12
STRG.59.2	GCGCTGCTGCTG	12
STRG.59.2	CAAACATGATGC	12
STRG.59.1	GCTCCTCCAGCTCGAG	16
STRG.59.1	CTTTTGGACAATAAT	15
STRG.59.1	CTTCACCCGCTTT	13
STRG.59.1	ACACACGCGCACA	13
STRG.59.1	GCGACTTTATGGC	13
STRG.59.1	CATCCTCATCCTC	13
STRG.59.1	ATCATCCTCATCC	13
STRG.59.1	CAGGCGGAGAAG	12
STRG.59.1	AGGCGGAGAAGC	12
STRG.59.1	AAGGTGCAGAAG	12
STRG.59.1	TGCAAGTATGTG	12
STRG.59.1	ATGAACATGAAC	12
STRG.59.1	CCGCAAAACTTT	12
STRG.59.1	TTTTTAGCCTAA	12
STRG.59.1	GGGGAATCCGGA	12
STRG.59.1	TGCTGCGCCACA	12
STRG.59.1	CCTGTTCTCGGA	12
STRG.59.1	CAGCAGCAAGGA	12
STRG.59.1	GGCGGCCAACAG	12
STRG.59.1	GGAAAAGCTCAC	12
STRG.59.1	AGTGGAAATTTA	12
STRG.59.1	CAGAGGAAAAGC	12
STRG.59.1	CGCCAAGCTGAT	12
STRG.59.1	CATTTCGGGTTT	12
STRG.59.1	TAGCAGATGCTA	12
STRG.59.1	CAACACACGCGC	12
STRG.59.1	GCAGCGGGGGCA	12
STRG.59.1	CTTTTGGACAAT	12
STRG.59.1	TCCTCTTCCCAT	12
STRG.59.1	AAATCCACAAAG	12
STRG.59.1	TGGGGCCAGGAC	12
STRG.59.1	CGAGTGTCGGTG	12
STRG.59.1	CTGCTGCTCCTT	12
STRG.59.1	CAAACATGATGC	12
STRG.5.1	GAAGCAGCCATGTGT	15
STRG.5.1	CGGAATTTCAATATA	15
STRG.5.1	CAAGTGGAAAGGCA	14
STRG.5.1	AAATGGTACTGCAG	14
STRG.5.1	ATTTATTTCTCGT	13
STRG.5.1	GTGGTTTTTATTT	13
STRG.5.1	ATCCTGGTCCCCA	13
STRG.5.1	TGGTTTTTATTTG	13
STRG.5.1	ATGTCCTTCACTC	13
STRG.5.1	TTGGCAGCTGCCA	13
STRG.5.1	CCAAACCCCCAAT	13
STRG.5.1	CAAAAAAAAACAT	13
STRG.5.1	ATAAAATAAATAA	13
STRG.5.1	AAAAAAACATTGG	13
STRG.5.1	AAATTGCAGGAGG	13
STRG.5.1	TTGGTTGGAAAAT	13
STRG.5.1	TAAATAAGAAAAG	13
STRG.5.1	CATTTACCATGTT	13
STRG.5.1	TCTGGTTGCCAT	12
STRG.5.1	GGATTATTTTAA	12
STRG.5.1	ATTATTTGATGA	12
STRG.5.1	TAAAAACAAATT	12
STRG.5.1	CACAAATTCAGC	12
STRG.5.1	AAAGCAAACAGC	12
STRG.5.1	AAAAAGTTTCCA	12
STRG.5.1	ATGCAAGTTTAG	12
STRG.5.1	CGGCAAAAAATT	12
STRG.5.1	CAGTTTAATGAT	12
STRG.5.1	TTTCCCAAAATG	12
STRG.5.1	AACATCATCAAC	12
STRG.5.1	GAAGGAAAAGCA	12
STRG.5.1	AAAGCAAACAGC	12
STRG.5.1	CCCTTTATTACT	12
STRG.5.1	CAAAAAAACGTG	12
STRG.5.1	CTGGAAGATGGA	12
STRG.5.1	AAGTTGCACTTG	12
STRG.5.1	TCGTCTGCAGCA	12
STRG.5.1	AAAAACATTTGC	12
STRG.5.1	AGGAAATCATTT	12
STRG.5.1	AATATTGCAAAT	12
STRG.5.1	AAAGTGCAGATA	12
STRG.5.1	ACGGAACAACTG	12
STRG.5.1	ATAAATAAGAAA	12
STRG.5.1	CATGCAGTCGCA	12
STRG.5.1	TGTATTCGCAAC	12
STRG.5.1	TCTTGTCCCAAA	12
STRG.5.1	TTAAACGCATGT	12
STRG.5.1	AAAACTTGGAGC	12
STRG.5.1	ATAACTTTGAAA	12
STRG.5.1	AGAGCCCCTTGA	12
STRG.5.1	GGAAAAGCAATA	12
STRG.27.1	TTCGGAGGAACGGAG	15
STRG.27.1	TATTTTTGTTTTC	13
STRG.27.1	TTGTTTTTTTTTT	13
STRG.27.1	TCCTGGCATCGAG	13
STRG.27.1	AAACAAATACGAA	13
STRG.27.1	GAAATGCACAAAC	13
STRG.27.1	TAAGTGTGAGTGT	13
STRG.27.1	TACTTAAACTTT	12
STRG.27.1	GCAGCTATTTAA	12
STRG.27.1	ATGCAGTACTTA	12
STRG.27.1	GCCAAACATTAT	12
STRG.27.1	AAAGTAAATGCC	12
STRG.27.1	AGCAGCAGGAAA	12
STRG.27.1	GCAGCAGGCCAT	12
STRG.27.1	GTCAGCCAGCTA	12
STRG.27.1	AGTTTTTGTTCT	12
STRG.27.1	TTTTTAAAAACA	12
STRG.27.1	CAGAAGAACCCA	12
STRG.27.1	AAACAGCAAAAC	12
STRG.27.1	TATAAATAAGCC	12
STRG.27.1	CAAACGGAGCAC	12
STRG.27.1	TTATTTTCATTA	12
STRG.27.1	TAGTTTTTGTTC	12
STRG.27.1	GCAGCCAGCAGA	12
STRG.27.1	GCAACAAAATCC	12
STRG.27.1	AACACAATTACA	12
STRG.57.1	CAGTGGAAAGTGGA	14
STRG.57.1	CCAAATCTGGCGGG	14
STRG.57.1	TTTATATAATTGA	13
STRG.57.1	ATATAATTGAATT	13
STRG.57.1	TTTGCAGCAAGCT	13
STRG.57.1	CACACACACACTC	13
STRG.57.1	GCCAAGGGTTAAG	13
STRG.57.1	CCGCAGCAGCAGC	13
STRG.57.1	CAGCACAAAAGTG	13
STRG.57.1	TTAAAATTTAATT	13
STRG.57.1	ATCATTAAAATTT	13
STRG.57.1	CAGAATCAGAACC	13
STRG.57.1	AGCTGCCGCAGCA	13
STRG.57.1	CCGCAGCAGCAGC	13
STRG.57.1	ACTCACACACACA	13
STRG.57.1	AGGAGCAGCCAG	12
STRG.57.1	CGCCACAGCTGC	12
STRG.57.1	CGCTCGACTGCG	12
STRG.57.1	GTGCTCAACGGC	12
STRG.57.1	CAAAGCTCGCAA	12
STRG.57.1	CCGCAATTATGC	12
STRG.57.1	AGCGCTGCAAAA	12
STRG.57.1	CACTCACACACA	12
STRG.57.1	GAATCTGAATCT	12
STRG.57.1	GAATCTGAATCT	12
STRG.57.1	CAGCAACAGCAG	12
STRG.57.1	CACGGTGCTCAA	12
STRG.57.1	GTGCTCAACGGC	12
STRG.57.1	TCACACACACAC	12
STRG.57.1	CACACACACACT	12
STRG.57.1	ACGGATACGGAT	12
STRG.57.1	GCCTCTTGCCTC	12
STRG.57.1	CAACGGAAGCGG	12
STRG.57.1	AGTTCCAGGAGC	12
STRG.57.1	ATTTGTGTGTTT	12
STRG.57.1	AGACTATTCGGT	12
STRG.57.1	GCAGCATATGTA	12
STRG.57.1	CACCTGCCCATC	12
STRG.57.1	TCTTCCGGCCAG	12
STRG.57.1	ACACTGAGCCAC	12
STRG.57.2	CAGTGGAAAGTGGA	14
STRG.57.2	CCAAATCTGGCGGG	14
STRG.57.2	TTTATATAATTGA	13
STRG.57.2	ATATAATTGAATT	13
STRG.57.2	TTTGCAGCAAGCT	13
STRG.57.2	CACACACACACTC	13
STRG.57.2	GCCAAGGGTTAAG	13
STRG.57.2	CCGCAGCAGCAGC	13
STRG.57.2	CAGCACAAAAGTG	13
STRG.57.2	TTAAAATTTAATT	13
STRG.57.2	ATCATTAAAATTT	13
STRG.57.2	CAGAATCAGAACC	13
STRG.57.2	AGCTGCCGCAGCA	13
STRG.57.2	CCGCAGCAGCAGC	13
STRG.57.2	GCTTTAACTTTTG	13
STRG.57.2	ACTCACACACACA	13
STRG.57.2	AGGAGCAGCCAG	12
STRG.57.2	AATTTTTAAATT	12
STRG.57.2	TTTGAATTATTG	12
STRG.57.2	CGCCACAGCTGC	12
STRG.57.2	CGCTCGACTGCG	12
STRG.57.2	GTGCTCAACGGC	12
STRG.57.2	CAAAGCTCGCAA	12
STRG.57.2	CCGCAATTATGC	12
STRG.57.2	AGCGCTGCAAAA	12
STRG.57.2	CACTCACACACA	12
STRG.57.2	GAATCTGAATCT	12
STRG.57.2	GAATCTGAATCT	12
STRG.57.2	GCTATTATTTGT	12
STRG.57.2	CAGCAACAGCAG	12
STRG.57.2	CACGGTGCTCAA	12
STRG.57.2	TGTACATACATA	12
STRG.57.2	AAAGAGGCCGCT	12
STRG.57.2	GTGCTCAACGGC	12
STRG.57.2	TCACACACACAC	12
STRG.57.2	CACACACACACT	12
STRG.57.2	ACGGATACGGAT	12
STRG.57.2	GCCTCTTGCCTC	12
STRG.57.2	CAACGGAAGCGG	12
STRG.57.2	AGTTCCAGGAGC	12
STRG.57.2	ATTTGTGTGTTT	12
STRG.57.2	AGACTATTCGGT	12
STRG.57.2	GCAGCATATGTA	12
STRG.57.2	CACCTGCCCATC	12
STRG.57.2	TCTTCCGGCCAG	12
STRG.57.2	ACACTGAGCCAC	12
STRG.38.1	TCCTGCTGGCCGCCAT	16
STRG.38.1	GGGCAACATGGAAA	14
STRG.38.1	CCAATGCCGGAGA	13
STRG.38.1	CGCTGCAGCTGCA	13
STRG.38.1	GCTGCAGCTGCA	12
STRG.38.1	TCAAATCCATCC	12
STRG.38.1	AAACGATGCCAG	12
STRG.38.1	AAAACGATGCCA	12
STRG.38.1	CTTTGTGGTGTC	12
STRG.38.1	GAAACTGTCAAA	12
STRG.38.1	GCTGGGACGCAC	12
STRG.38.1	TCCCGTTTCCCG	12
STRG.38.1	GGTAAACCGTTC	12
STRG.38.1	CATCGCCGGCGG	12
STRG.38.1	CCGCATCGCTTT	12
STRG.44.1	ACTGCCGCAGCAGC	14
STRG.44.1	AAAAATGGAAAAT	13
STRG.44.1	CAACCTGGCCAAG	13
STRG.44.1	AGAAGGCAGAGAA	13
STRG.44.1	CAATATATAAATC	13
STRG.44.1	CTGCCGCAGCAGC	13
STRG.44.1	AATGGAAAATATT	13
STRG.44.1	CCATCGTGGCCG	12
STRG.44.1	GTGTTGGGTAGC	12
STRG.44.1	TTTTTATAAAAA	12
STRG.44.1	TCGCTGTACATT	12
STRG.44.1	GATTTGCTGCCT	12
STRG.44.1	GGCACCCGCATC	12
STRG.44.1	ATATCGATTCGC	12
STRG.44.1	TGCCAAAGCCAT	12
STRG.44.1	AAGGGGAAGGGG	12
STRG.44.1	ACTGCCCTTCCT	12
STRG.44.1	AAGCTGATGGCC	12
STRG.44.1	GCCATTGCCATC	12
