p values:
H3K9me3.tab     9.605938e-23
H3K27me3.tab    3.330660e-19
H3K4me3.tab     4.512730e-80
H3K36me3.tab    1.960445e-01
dtype: float64
mean of residual squares
8049.37583052
                            OLS Regression Results                            
==============================================================================
Dep. Variable:                   FPKM   R-squared:                       0.052
Model:                            OLS   Adj. R-squared:                  0.052
Method:                 Least Squares   F-statistic:                     474.8
Date:                Fri, 01 Sep 2017   Prob (F-statistic):               0.00
Time:                        17:01:03   Log-Likelihood:            -2.0445e+05
No. Observations:               34718   AIC:                         4.089e+05
Df Residuals:                   34714   BIC:                         4.089e+05
Df Model:                           4                                         
Covariance Type:            nonrobust                                         
================================================================================
                   coef    std err          t      P>|t|      [0.025      0.975]
--------------------------------------------------------------------------------
H3K9me3.tab      3.7980      0.387      9.823      0.000       3.040       4.556
H3K27me3.tab    -2.9714      0.332     -8.962      0.000      -3.621      -2.322
H3K4me3.tab      3.9133      0.206     18.998      0.000       3.510       4.317
H3K36me3.tab    -0.2720      0.210     -1.293      0.196      -0.684       0.140
==============================================================================
Omnibus:                    87272.481   Durbin-Watson:                   1.941
Prob(Omnibus):                  0.000   Jarque-Bera (JB):       2610779889.742
Skew:                          27.523   Prob(JB):                         0.00
Kurtosis:                    1345.297   Cond. No.                         5.25
==============================================================================

Warnings:
[1] Standard Errors assume that the covariance matrix of the errors is correctly specified.
