      #chr      start       stop                  score  name strand        gc
0     chrX   98834144   98837504  5C_938_XIC-3_FOR_0003     0      +  0.357143
1     chrX   98840770   98841225  5C_938_XIC-3_FOR_0005     0      +  0.339286
2     chrX   98843247   98848362  5C_938_XIC-3_FOR_0007     0      +  0.375000
3     chrX   98849662   98850575  5C_938_XIC-3_FOR_0009     0      +  0.464286
4     chrX   98862020   98867228  5C_938_XIC-3_FOR_0013     0      +  0.410714
5     chrX   98869141   98870522  5C_938_XIC-3_FOR_0015     0      +  0.357143
6     chrX   98870747   98872270  5C_938_XIC-3_FOR_0017     0      +  0.410714
7     chrX   98881682   98887039  5C_938_XIC-3_FOR_0020     0      +  0.410714
8     chrX   98894033   98899653  5C_938_XIC-3_FOR_0022     0      +  0.464286
9     chrX   98912564   98916620  5C_938_XIC-3_FOR_0026     0      +  0.357143
10    chrX   98916733   98920784  5C_938_XIC-3_FOR_0028     0      +  0.500000
11    chrX   98948122   98948990  5C_938_XIC-3_FOR_0032     0      +  0.410714
12    chrX   98958474   98960672  5C_938_XIC-3_FOR_0034     0      +  0.410714
13    chrX   98971534   98971581  5C_938_XIC-3_FOR_0037     0      +  0.357143
14    chrX   98973319   98985125  5C_938_XIC-3_FOR_0039     0      +  0.482143
15    chrX   98989334   98990018  5C_938_XIC-3_FOR_0041     0      +  0.500000
16    chrX   98992568   98994604  5C_938_XIC-3_FOR_0043     0      +  0.535714
17    chrX   98997594   99008074  5C_938_XIC-3_FOR_0045     0      +  0.392857
18    chrX   99014523   99017988  5C_938_XIC-3_FOR_0047     0      +  0.410714
19    chrX   99033088   99033658  5C_938_XIC-3_FOR_0052     0      +  0.464286
20    chrX   99041616   99046856  5C_938_XIC-3_FOR_0058     0      +  0.392857
21    chrX   99047149   99049506  5C_938_XIC-3_FOR_0060     0      +  0.482143
22    chrX   99052903   99057835  5C_938_XIC-3_FOR_0062     0      +  0.500000
23    chrX   99058046   99058780  5C_938_XIC-3_FOR_0064     0      +  0.535714
24    chrX   99060408   99061825  5C_938_XIC-3_FOR_0066     0      +  0.517857
25    chrX   99064431   99067607  5C_938_XIC-3_FOR_0068     0      +  0.535714
26    chrX   99078508   99080813  5C_938_XIC-3_FOR_0071     0      +  0.517857
27    chrX   99089207   99090480  5C_938_XIC-3_FOR_0075     0      +  0.392857
28    chrX   99096538   99100740  5C_938_XIC-3_FOR_0077     0      +  0.267857
29    chrX   99109258   99109813  5C_938_XIC-3_FOR_0079     0      +  0.517857
...    ...        ...        ...                    ...   ...    ...       ...
1009  chrX  103210949  103217808  5C_938_XIC-3_REV_1466     0      -  0.350877
1010  chrX  103220529  103240295  5C_938_XIC-3_REV_1468     0      -  0.385965
1011  chrX  103243365  103249182  5C_938_XIC-3_REV_1470     0      -  0.315789
1012  chrX  103251483  103256255  5C_938_XIC-3_REV_1473     0      -  0.508772
1013  chrX  103256846  103258143  5C_938_XIC-3_REV_1475     0      -  0.421053
1014  chrX  103262591  103262769  5C_938_XIC-3_REV_1478     0      -  0.298246
1015  chrX  103267590  103267746  5C_938_XIC-3_REV_1481     0      -  0.438596
1016  chrX  103268745  103269329  5C_938_XIC-3_REV_1483     0      -  0.438596
1017  chrX  103269758  103270825  5C_938_XIC-3_REV_1486     0      -  0.385965
1018  chrX  103275711  103279120  5C_938_XIC-3_REV_1489     0      -  0.403509
1019  chrX  103281787  103287147  5C_938_XIC-3_REV_1491     0      -  0.315789
1020  chrX  103289144  103291218  5C_938_XIC-3_REV_1493     0      -  0.421053
1021  chrX  103292130  103293303  5C_938_XIC-3_REV_1495     0      -  0.350877
1022  chrX  103297116  103306454  5C_938_XIC-3_REV_1497     0      -  0.421053
1023  chrX  103307310  103307700  5C_938_XIC-3_REV_1499     0      -  0.456140
1024  chrX  103309288  103312852  5C_938_XIC-3_REV_1501     0      -  0.385965
1025  chrX  103313403  103316040  5C_938_XIC-3_REV_1503     0      -  0.385965
1026  chrX  103322628  103336915  5C_938_XIC-3_REV_1506     0      -  0.473684
1027  chrX  103338758  103339117  5C_938_XIC-3_REV_1509     0      -  0.228070
1028  chrX  103349405  103351222  5C_938_XIC-3_REV_1512     0      -  0.438596
1029  chrX  103352889  103353296  5C_938_XIC-3_REV_1514     0      -  0.368421
1030  chrX  103353691  103355438  5C_938_XIC-3_REV_1516     0      -  0.403509
1031  chrX  103362054  103362985  5C_938_XIC-3_REV_1519     0      -  0.438596
1032  chrX  103365838  103374008  5C_938_XIC-3_REV_1521     0      -  0.491228
1033  chrX  103374120  103380151  5C_938_XIC-3_REV_1523     0      -  0.403509
1034  chrX  103384214  103390201  5C_938_XIC-3_REV_1525     0      -  0.421053
1035  chrX  103391898  103392587  5C_938_XIC-3_REV_1527     0      -  0.350877
1036  chrX  103396279  103398277  5C_938_XIC-3_REV_1529     0      -  0.491228
1037  chrX  103399441  103402747  5C_938_XIC-3_REV_1531     0      -  0.333333
1038  chrX  103409578  103425148  5C_938_XIC-3_REV_1535     0      -  0.368421

[1039 rows x 7 columns]
Forward to reverse
5C_938_XIC-3_FOR_0047 [99014523 99017988] [98887040 98894032]
5C_938_XIC-3_FOR_0087 [99132880 99146817] [98887040 98894032]
5C_938_XIC-3_FOR_0122 [99253548 99261921] [98985126 98989333]
5C_938_XIC-3_FOR_0168 [99404545 99422364] [103365838 103374008]
5C_938_XIC-3_FOR_0496 [100387497 100388737] [98887040 98894032]
5C_938_XIC-3_FOR_0587 [100663880 100664700] [103151867 103154043]
5C_938_XIC-3_FOR_0629 [100812570 100820556] [98985126 98989333]
5C_938_XIC-3_FOR_0726 [101108892 101114516] [98887040 98894032]
5C_938_XIC-3_FOR_1160 [102309799 102319062] [103220529 103240295]
Reverse to forward
5C_938_XIC-3_REV_0021 [98887040 98894032] [99014523 99017988]
5C_938_XIC-3_REV_0040 [98985126 98989333] [99014523 99017988]
5C_938_XIC-3_REV_0088 [99146818 99151799] [99132880 99146817]
5C_938_XIC-3_REV_1441 [103151867 103154043] [100663880 100664700]
5C_938_XIC-3_REV_1468 [103220529 103240295] [99014523 99017988]
5C_938_XIC-3_REV_1521 [103365838 103374008] [99404545 99422364]
